<?xml version="1.0" encoding="UTF-8"?>
<testsuite xmlns:xsi="http://www.w3.org/2001/XMLSchema-instance" xsi:noNamespaceSchemaLocation="https://maven.apache.org/surefire/maven-surefire-plugin/xsd/surefire-test-report.xsd" version="3.0.2" name="TestSuite" time="12.92" tests="4" errors="0" skipped="0" failures="0">
  <properties>
    <property name="java.specification.version" value="23"/>
    <property name="sun.cpu.isalist" value="amd64"/>
    <property name="sun.jnu.encoding" value="Cp1252"/>
    <property name="java.class.path" value="E:\RestAssured WorkSpace\APIAutomation\target\test-classes;E:\RestAssured WorkSpace\APIAutomation\target\classes;C:\Users\HariRS\.m2\repository\io\rest-assured\rest-assured\5.5.0\rest-assured-5.5.0.jar;C:\Users\HariRS\.m2\repository\org\apache\groovy\groovy\4.0.22\groovy-4.0.22.jar;C:\Users\HariRS\.m2\repository\org\apache\groovy\groovy-xml\4.0.22\groovy-xml-4.0.22.jar;C:\Users\HariRS\.m2\repository\org\apache\httpcomponents\httpclient\4.5.13\httpclient-4.5.13.jar;C:\Users\HariRS\.m2\repository\org\apache\httpcomponents\httpcore\4.4.13\httpcore-4.4.13.jar;C:\Users\HariRS\.m2\repository\commons-logging\commons-logging\1.2\commons-logging-1.2.jar;C:\Users\HariRS\.m2\repository\org\apache\httpcomponents\httpmime\4.5.13\httpmime-4.5.13.jar;C:\Users\HariRS\.m2\repository\org\hamcrest\hamcrest\2.2\hamcrest-2.2.jar;C:\Users\HariRS\.m2\repository\org\ccil\cowan\tagsoup\tagsoup\1.2.1\tagsoup-1.2.1.jar;C:\Users\HariRS\.m2\repository\io\rest-assured\json-path\5.5.0\json-path-5.5.0.jar;C:\Users\HariRS\.m2\repository\org\apache\groovy\groovy-json\4.0.22\groovy-json-4.0.22.jar;C:\Users\HariRS\.m2\repository\io\rest-assured\rest-assured-common\5.5.0\rest-assured-common-5.5.0.jar;C:\Users\HariRS\.m2\repository\io\rest-assured\xml-path\5.5.0\xml-path-5.5.0.jar;C:\Users\HariRS\.m2\repository\org\apache\commons\commons-lang3\3.11\commons-lang3-3.11.jar;C:\Users\HariRS\.m2\repository\io\rest-assured\json-schema-validator\5.5.0\json-schema-validator-5.5.0.jar;C:\Users\HariRS\.m2\repository\com\github\java-json-tools\json-schema-validator\2.2.14\json-schema-validator-2.2.14.jar;C:\Users\HariRS\.m2\repository\com\github\java-json-tools\jackson-coreutils-equivalence\1.0\jackson-coreutils-equivalence-1.0.jar;C:\Users\HariRS\.m2\repository\com\github\java-json-tools\jackson-coreutils\2.0\jackson-coreutils-2.0.jar;C:\Users\HariRS\.m2\repository\com\github\java-json-tools\msg-simple\1.2\msg-simple-1.2.jar;C:\Users\HariRS\.m2\repository\com\github\java-json-tools\btf\1.3\btf-1.3.jar;C:\Users\HariRS\.m2\repository\com\github\java-json-tools\json-schema-core\1.2.14\json-schema-core-1.2.14.jar;C:\Users\HariRS\.m2\repository\com\github\java-json-tools\uri-template\0.10\uri-template-0.10.jar;C:\Users\HariRS\.m2\repository\org\mozilla\rhino\1.7.7.2\rhino-1.7.7.2.jar;C:\Users\HariRS\.m2\repository\com\sun\mail\mailapi\1.6.2\mailapi-1.6.2.jar;C:\Users\HariRS\.m2\repository\joda-time\joda-time\2.10.5\joda-time-2.10.5.jar;C:\Users\HariRS\.m2\repository\com\googlecode\libphonenumber\libphonenumber\8.11.1\libphonenumber-8.11.1.jar;C:\Users\HariRS\.m2\repository\net\sf\jopt-simple\jopt-simple\5.0.4\jopt-simple-5.0.4.jar;C:\Users\HariRS\.m2\repository\com\google\guava\guava\33.2.1-jre\guava-33.2.1-jre.jar;C:\Users\HariRS\.m2\repository\com\google\guava\failureaccess\1.0.2\failureaccess-1.0.2.jar;C:\Users\HariRS\.m2\repository\com\google\guava\listenablefuture\9999.0-empty-to-avoid-conflict-with-guava\listenablefuture-9999.0-empty-to-avoid-conflict-with-guava.jar;C:\Users\HariRS\.m2\repository\org\checkerframework\checker-qual\3.42.0\checker-qual-3.42.0.jar;C:\Users\HariRS\.m2\repository\com\google\errorprone\error_prone_annotations\2.26.1\error_prone_annotations-2.26.1.jar;C:\Users\HariRS\.m2\repository\com\google\j2objc\j2objc-annotations\3.0.0\j2objc-annotations-3.0.0.jar;C:\Users\HariRS\.m2\repository\com\github\scribejava\scribejava-apis\8.3.3\scribejava-apis-8.3.3.jar;C:\Users\HariRS\.m2\repository\com\github\scribejava\scribejava-core\8.3.3\scribejava-core-8.3.3.jar;C:\Users\HariRS\.m2\repository\com\github\scribejava\scribejava-java8\8.3.3\scribejava-java8-8.3.3.jar;C:\Users\HariRS\.m2\repository\org\json\json\20220320\json-20220320.jar;C:\Users\HariRS\.m2\repository\com\aventstack\extentreports\5.1.0\extentreports-5.1.0.jar;C:\Users\HariRS\.m2\repository\io\reactivex\rxjava3\rxjava\3.1.6\rxjava-3.1.6.jar;C:\Users\HariRS\.m2\repository\org\reactivestreams\reactive-streams\1.0.4\reactive-streams-1.0.4.jar;C:\Users\HariRS\.m2\repository\org\freemarker\freemarker\2.3.32\freemarker-2.3.32.jar;C:\Users\HariRS\.m2\repository\org\projectlombok\lombok\1.18.26\lombok-1.18.26.jar;C:\Users\HariRS\.m2\repository\com\google\code\gson\gson\2.10.1\gson-2.10.1.jar;C:\Users\HariRS\.m2\repository\com\github\javafaker\javafaker\1.0.2\javafaker-1.0.2.jar;C:\Users\HariRS\.m2\repository\org\yaml\snakeyaml\1.23\snakeyaml-1.23-android.jar;C:\Users\HariRS\.m2\repository\com\github\mifmif\generex\1.0.2\generex-1.0.2.jar;C:\Users\HariRS\.m2\repository\dk\brics\automaton\automaton\1.11-8\automaton-1.11-8.jar;C:\Users\HariRS\.m2\repository\org\apache\poi\poi\5.3.0\poi-5.3.0.jar;C:\Users\HariRS\.m2\repository\commons-codec\commons-codec\1.17.0\commons-codec-1.17.0.jar;C:\Users\HariRS\.m2\repository\org\apache\commons\commons-collections4\4.4\commons-collections4-4.4.jar;C:\Users\HariRS\.m2\repository\org\apache\commons\commons-math3\3.6.1\commons-math3-3.6.1.jar;C:\Users\HariRS\.m2\repository\commons-io\commons-io\2.16.1\commons-io-2.16.1.jar;C:\Users\HariRS\.m2\repository\com\zaxxer\SparseBitSet\1.3\SparseBitSet-1.3.jar;C:\Users\HariRS\.m2\repository\org\apache\poi\poi-ooxml\5.3.0\poi-ooxml-5.3.0.jar;C:\Users\HariRS\.m2\repository\org\apache\poi\poi-ooxml-lite\5.3.0\poi-ooxml-lite-5.3.0.jar;C:\Users\HariRS\.m2\repository\org\apache\xmlbeans\xmlbeans\5.2.1\xmlbeans-5.2.1.jar;C:\Users\HariRS\.m2\repository\org\apache\commons\commons-compress\1.26.2\commons-compress-1.26.2.jar;C:\Users\HariRS\.m2\repository\com\github\virtuald\curvesapi\1.08\curvesapi-1.08.jar;C:\Users\HariRS\.m2\repository\org\apache\spark\spark-core_2.13\4.0.0-preview2\spark-core_2.13-4.0.0-preview2.jar;C:\Users\HariRS\.m2\repository\org\scala-lang\modules\scala-parallel-collections_2.13\1.0.4\scala-parallel-collections_2.13-1.0.4.jar;C:\Users\HariRS\.m2\repository\org\apache\avro\avro\1.12.0\avro-1.12.0.jar;C:\Users\HariRS\.m2\repository\org\apache\avro\avro-mapred\1.12.0\avro-mapred-1.12.0.jar;C:\Users\HariRS\.m2\repository\org\apache\avro\avro-ipc\1.12.0\avro-ipc-1.12.0.jar;C:\Users\HariRS\.m2\repository\org\tukaani\xz\1.9\xz-1.9.jar;C:\Users\HariRS\.m2\repository\com\twitter\chill_2.13\0.10.0\chill_2.13-0.10.0.jar;C:\Users\HariRS\.m2\repository\com\esotericsoftware\kryo-shaded\4.0.2\kryo-shaded-4.0.2.jar;C:\Users\HariRS\.m2\repository\com\esotericsoftware\minlog\1.3.0\minlog-1.3.0.jar;C:\Users\HariRS\.m2\repository\org\objenesis\objenesis\2.5.1\objenesis-2.5.1.jar;C:\Users\HariRS\.m2\repository\com\twitter\chill-java\0.10.0\chill-java-0.10.0.jar;C:\Users\HariRS\.m2\repository\org\apache\hadoop\hadoop-client-api\3.4.0\hadoop-client-api-3.4.0.jar;C:\Users\HariRS\.m2\repository\org\apache\hadoop\hadoop-client-runtime\3.4.0\hadoop-client-runtime-3.4.0.jar;C:\Users\HariRS\.m2\repository\org\apache\spark\spark-launcher_2.13\4.0.0-preview2\spark-launcher_2.13-4.0.0-preview2.jar;C:\Users\HariRS\.m2\repository\org\apache\spark\spark-kvstore_2.13\4.0.0-preview2\spark-kvstore_2.13-4.0.0-preview2.jar;C:\Users\HariRS\.m2\repository\org\fusesource\leveldbjni\leveldbjni-all\1.8\leveldbjni-all-1.8.jar;C:\Users\HariRS\.m2\repository\org\rocksdb\rocksdbjni\9.5.2\rocksdbjni-9.5.2.jar;C:\Users\HariRS\.m2\repository\org\apache\spark\spark-network-common_2.13\4.0.0-preview2\spark-network-common_2.13-4.0.0-preview2.jar;C:\Users\HariRS\.m2\repository\io\netty\netty-tcnative-boringssl-static\2.0.66.Final\netty-tcnative-boringssl-static-2.0.66.Final-linux-x86_64.jar;C:\Users\HariRS\.m2\repository\io\netty\netty-tcnative-classes\2.0.66.Final\netty-tcnative-classes-2.0.66.Final.jar;C:\Users\HariRS\.m2\repository\io\netty\netty-tcnative-boringssl-static\2.0.66.Final\netty-tcnative-boringssl-static-2.0.66.Final-windows-x86_64.jar;C:\Users\HariRS\.m2\repository\io\netty\netty-tcnative-boringssl-static\2.0.66.Final\netty-tcnative-boringssl-static-2.0.66.Final-linux-aarch_64.jar;C:\Users\HariRS\.m2\repository\io\netty\netty-tcnative-boringssl-static\2.0.66.Final\netty-tcnative-boringssl-static-2.0.66.Final-osx-aarch_64.jar;C:\Users\HariRS\.m2\repository\io\netty\netty-tcnative-boringssl-static\2.0.66.Final\netty-tcnative-boringssl-static-2.0.66.Final-osx-x86_64.jar;C:\Users\HariRS\.m2\repository\com\google\crypto\tink\tink\1.15.0\tink-1.15.0.jar;C:\Users\HariRS\.m2\repository\com\google\protobuf\protobuf-java\3.25.3\protobuf-java-3.25.3.jar;C:\Users\HariRS\.m2\repository\org\apache\spark\spark-network-shuffle_2.13\4.0.0-preview2\spark-network-shuffle_2.13-4.0.0-preview2.jar;C:\Users\HariRS\.m2\repository\org\apache\spark\spark-unsafe_2.13\4.0.0-preview2\spark-unsafe_2.13-4.0.0-preview2.jar;C:\Users\HariRS\.m2\repository\org\apache\spark\spark-variant_2.13\4.0.0-preview2\spark-variant_2.13-4.0.0-preview2.jar;C:\Users\HariRS\.m2\repository\com\ibm\icu\icu4j\75.1\icu4j-75.1.jar;C:\Users\HariRS\.m2\repository\org\apache\spark\spark-common-utils_2.13\4.0.0-preview2\spark-common-utils_2.13-4.0.0-preview2.jar;C:\Users\HariRS\.m2\repository\org\apache\xbean\xbean-asm9-shaded\4.25\xbean-asm9-shaded-4.25.jar;C:\Users\HariRS\.m2\repository\org\apache\ivy\ivy\2.5.2\ivy-2.5.2.jar;C:\Users\HariRS\.m2\repository\oro\oro\2.0.8\oro-2.0.8.jar;C:\Users\HariRS\.m2\repository\org\slf4j\jul-to-slf4j\2.0.16\jul-to-slf4j-2.0.16.jar;C:\Users\HariRS\.m2\repository\org\slf4j\jcl-over-slf4j\2.0.16\jcl-over-slf4j-2.0.16.jar;C:\Users\HariRS\.m2\repository\org\apache\logging\log4j\log4j-slf4j2-impl\2.22.1\log4j-slf4j2-impl-2.22.1.jar;C:\Users\HariRS\.m2\repository\org\apache\logging\log4j\log4j-1.2-api\2.22.1\log4j-1.2-api-2.22.1.jar;C:\Users\HariRS\.m2\repository\org\apache\logging\log4j\log4j-layout-template-json\2.22.1\log4j-layout-template-json-2.22.1.jar;C:\Users\HariRS\.m2\repository\javax\activation\activation\1.1.1\activation-1.1.1.jar;C:\Users\HariRS\.m2\repository\org\apache\curator\curator-recipes\5.7.0\curator-recipes-5.7.0.jar;C:\Users\HariRS\.m2\repository\org\apache\curator\curator-framework\5.7.0\curator-framework-5.7.0.jar;C:\Users\HariRS\.m2\repository\org\apache\curator\curator-client\5.7.0\curator-client-5.7.0.jar;C:\Users\HariRS\.m2\repository\org\apache\zookeeper\zookeeper\3.9.2\zookeeper-3.9.2.jar;C:\Users\HariRS\.m2\repository\org\apache\zookeeper\zookeeper-jute\3.9.2\zookeeper-jute-3.9.2.jar;C:\Users\HariRS\.m2\repository\org\apache\yetus\audience-annotations\0.12.0\audience-annotations-0.12.0.jar;C:\Users\HariRS\.m2\repository\io\jsonwebtoken\jjwt-api\0.12.6\jjwt-api-0.12.6.jar;C:\Users\HariRS\.m2\repository\javax\servlet\javax.servlet-api\4.0.1\javax.servlet-api-4.0.1.jar;C:\Users\HariRS\.m2\repository\jakarta\servlet\jakarta.servlet-api\5.0.0\jakarta.servlet-api-5.0.0.jar;C:\Users\HariRS\.m2\repository\org\apache\commons\commons-text\1.12.0\commons-text-1.12.0.jar;C:\Users\HariRS\.m2\repository\commons-collections\commons-collections\3.2.2\commons-collections-3.2.2.jar;C:\Users\HariRS\.m2\repository\com\google\code\findbugs\jsr305\3.0.0\jsr305-3.0.0.jar;C:\Users\HariRS\.m2\repository\com\ning\compress-lzf\1.1.2\compress-lzf-1.1.2.jar;C:\Users\HariRS\.m2\repository\org\xerial\snappy\snappy-java\1.1.10.7\snappy-java-1.1.10.7.jar;C:\Users\HariRS\.m2\repository\org\lz4\lz4-java\1.8.0\lz4-java-1.8.0.jar;C:\Users\HariRS\.m2\repository\com\github\luben\zstd-jni\1.5.6-5\zstd-jni-1.5.6-5.jar;C:\Users\HariRS\.m2\repository\org\roaringbitmap\RoaringBitmap\1.2.1\RoaringBitmap-1.2.1.jar;C:\Users\HariRS\.m2\repository\org\scala-lang\modules\scala-xml_2.13\2.3.0\scala-xml_2.13-2.3.0.jar;C:\Users\HariRS\.m2\repository\org\scala-lang\scala-library\2.13.14\scala-library-2.13.14.jar;C:\Users\HariRS\.m2\repository\org\scala-lang\scala-reflect\2.13.14\scala-reflect-2.13.14.jar;C:\Users\HariRS\.m2\repository\org\json4s\json4s-jackson_2.13\4.0.7\json4s-jackson_2.13-4.0.7.jar;C:\Users\HariRS\.m2\repository\org\json4s\json4s-core_2.13\4.0.7\json4s-core_2.13-4.0.7.jar;C:\Users\HariRS\.m2\repository\org\json4s\json4s-ast_2.13\4.0.7\json4s-ast_2.13-4.0.7.jar;C:\Users\HariRS\.m2\repository\org\json4s\json4s-scalap_2.13\4.0.7\json4s-scalap_2.13-4.0.7.jar;C:\Users\HariRS\.m2\repository\org\json4s\json4s-jackson-core_2.13\4.0.7\json4s-jackson-core_2.13-4.0.7.jar;C:\Users\HariRS\.m2\repository\org\glassfish\jersey\core\jersey-client\3.0.12\jersey-client-3.0.12.jar;C:\Users\HariRS\.m2\repository\jakarta\ws\rs\jakarta.ws.rs-api\3.0.0\jakarta.ws.rs-api-3.0.0.jar;C:\Users\HariRS\.m2\repository\jakarta\inject\jakarta.inject-api\2.0.1\jakarta.inject-api-2.0.1.jar;C:\Users\HariRS\.m2\repository\org\glassfish\jersey\core\jersey-common\3.0.12\jersey-common-3.0.12.jar;C:\Users\HariRS\.m2\repository\jakarta\annotation\jakarta.annotation-api\2.0.0\jakarta.annotation-api-2.0.0.jar;C:\Users\HariRS\.m2\repository\org\glassfish\hk2\osgi-resource-locator\1.0.3\osgi-resource-locator-1.0.3.jar;C:\Users\HariRS\.m2\repository\org\glassfish\jersey\core\jersey-server\3.0.12\jersey-server-3.0.12.jar;C:\Users\HariRS\.m2\repository\jakarta\validation\jakarta.validation-api\3.0.2\jakarta.validation-api-3.0.2.jar;C:\Users\HariRS\.m2\repository\org\glassfish\jersey\containers\jersey-container-servlet\3.0.12\jersey-container-servlet-3.0.12.jar;C:\Users\HariRS\.m2\repository\org\glassfish\jersey\containers\jersey-container-servlet-core\3.0.12\jersey-container-servlet-core-3.0.12.jar;C:\Users\HariRS\.m2\repository\org\glassfish\jersey\inject\jersey-hk2\3.0.12\jersey-hk2-3.0.12.jar;C:\Users\HariRS\.m2\repository\org\glassfish\hk2\hk2-locator\3.0.3\hk2-locator-3.0.3.jar;C:\Users\HariRS\.m2\repository\org\glassfish\hk2\external\aopalliance-repackaged\3.0.3\aopalliance-repackaged-3.0.3.jar;C:\Users\HariRS\.m2\repository\org\glassfish\hk2\hk2-api\3.0.3\hk2-api-3.0.3.jar;C:\Users\HariRS\.m2\repository\org\glassfish\hk2\hk2-utils\3.0.3\hk2-utils-3.0.3.jar;C:\Users\HariRS\.m2\repository\org\javassist\javassist\3.29.2-GA\javassist-3.29.2-GA.jar;C:\Users\HariRS\.m2\repository\io\netty\netty-all\4.1.110.Final\netty-all-4.1.110.Final.jar;C:\Users\HariRS\.m2\repository\io\netty\netty-buffer\4.1.110.Final\netty-buffer-4.1.110.Final.jar;C:\Users\HariRS\.m2\repository\io\netty\netty-codec\4.1.110.Final\netty-codec-4.1.110.Final.jar;C:\Users\HariRS\.m2\repository\io\netty\netty-codec-http\4.1.110.Final\netty-codec-http-4.1.110.Final.jar;C:\Users\HariRS\.m2\repository\io\netty\netty-codec-http2\4.1.110.Final\netty-codec-http2-4.1.110.Final.jar;C:\Users\HariRS\.m2\repository\io\netty\netty-codec-socks\4.1.110.Final\netty-codec-socks-4.1.110.Final.jar;C:\Users\HariRS\.m2\repository\io\netty\netty-common\4.1.110.Final\netty-common-4.1.110.Final.jar;C:\Users\HariRS\.m2\repository\io\netty\netty-handler\4.1.110.Final\netty-handler-4.1.110.Final.jar;C:\Users\HariRS\.m2\repository\io\netty\netty-transport-native-unix-common\4.1.110.Final\netty-transport-native-unix-common-4.1.110.Final.jar;C:\Users\HariRS\.m2\repository\io\netty\netty-handler-proxy\4.1.110.Final\netty-handler-proxy-4.1.110.Final.jar;C:\Users\HariRS\.m2\repository\io\netty\netty-resolver\4.1.110.Final\netty-resolver-4.1.110.Final.jar;C:\Users\HariRS\.m2\repository\io\netty\netty-transport\4.1.110.Final\netty-transport-4.1.110.Final.jar;C:\Users\HariRS\.m2\repository\io\netty\netty-transport-classes-epoll\4.1.110.Final\netty-transport-classes-epoll-4.1.110.Final.jar;C:\Users\HariRS\.m2\repository\io\netty\netty-transport-classes-kqueue\4.1.110.Final\netty-transport-classes-kqueue-4.1.110.Final.jar;C:\Users\HariRS\.m2\repository\io\netty\netty-transport-native-epoll\4.1.110.Final\netty-transport-native-epoll-4.1.110.Final-linux-riscv64.jar;C:\Users\HariRS\.m2\repository\io\netty\netty-transport-native-epoll\4.1.110.Final\netty-transport-native-epoll-4.1.110.Final-linux-x86_64.jar;C:\Users\HariRS\.m2\repository\io\netty\netty-transport-native-epoll\4.1.110.Final\netty-transport-native-epoll-4.1.110.Final-linux-aarch_64.jar;C:\Users\HariRS\.m2\repository\io\netty\netty-transport-native-kqueue\4.1.110.Final\netty-transport-native-kqueue-4.1.110.Final-osx-aarch_64.jar;C:\Users\HariRS\.m2\repository\io\netty\netty-transport-native-kqueue\4.1.110.Final\netty-transport-native-kqueue-4.1.110.Final-osx-x86_64.jar;C:\Users\HariRS\.m2\repository\com\clearspring\analytics\stream\2.9.8\stream-2.9.8.jar;C:\Users\HariRS\.m2\repository\io\dropwizard\metrics\metrics-core\4.2.27\metrics-core-4.2.27.jar;C:\Users\HariRS\.m2\repository\io\dropwizard\metrics\metrics-jvm\4.2.27\metrics-jvm-4.2.27.jar;C:\Users\HariRS\.m2\repository\io\dropwizard\metrics\metrics-json\4.2.27\metrics-json-4.2.27.jar;C:\Users\HariRS\.m2\repository\io\dropwizard\metrics\metrics-graphite\4.2.27\metrics-graphite-4.2.27.jar;C:\Users\HariRS\.m2\repository\io\dropwizard\metrics\metrics-jmx\4.2.27\metrics-jmx-4.2.27.jar;C:\Users\HariRS\.m2\repository\com\fasterxml\jackson\module\jackson-module-scala_2.13\2.17.2\jackson-module-scala_2.13-2.17.2.jar;C:\Users\HariRS\.m2\repository\com\thoughtworks\paranamer\paranamer\2.8\paranamer-2.8.jar;C:\Users\HariRS\.m2\repository\net\razorvine\pickle\1.5\pickle-1.5.jar;C:\Users\HariRS\.m2\repository\net\sf\py4j\py4j\0.10.9.7\py4j-0.10.9.7.jar;C:\Users\HariRS\.m2\repository\org\apache\spark\spark-tags_2.13\4.0.0-preview2\spark-tags_2.13-4.0.0-preview2.jar;C:\Users\HariRS\.m2\repository\org\apache\commons\commons-crypto\1.1.0\commons-crypto-1.1.0.jar;C:\Users\HariRS\.m2\repository\org\apache\logging\log4j\log4j-api\2.18.0\log4j-api-2.18.0.jar;C:\Users\HariRS\.m2\repository\org\apache\logging\log4j\log4j-core\2.18.0\log4j-core-2.18.0.jar;C:\Users\HariRS\.m2\repository\com\fasterxml\jackson\core\jackson-databind\2.17.3\jackson-databind-2.17.3.jar;C:\Users\HariRS\.m2\repository\com\fasterxml\jackson\core\jackson-annotations\2.17.3\jackson-annotations-2.17.3.jar;C:\Users\HariRS\.m2\repository\com\fasterxml\jackson\core\jackson-core\2.17.3\jackson-core-2.17.3.jar;C:\Users\HariRS\.m2\repository\org\apache\logging\log4j\log4j-slf4j-impl\2.20.0\log4j-slf4j-impl-2.20.0.jar;C:\Users\HariRS\.m2\repository\org\slf4j\slf4j-api\2.0.16\slf4j-api-2.0.16.jar;C:\Users\HariRS\.m2\repository\org\testng\testng\7.10.2\testng-7.10.2.jar;C:\Users\HariRS\.m2\repository\com\beust\jcommander\1.82\jcommander-1.82.jar;C:\Users\HariRS\.m2\repository\org\webjars\jquery\3.7.1\jquery-3.7.1.jar;"/>
    <property name="java.vm.vendor" value="Oracle Corporation"/>
    <property name="sun.arch.data.model" value="64"/>
    <property name="user.variant" value=""/>
    <property name="java.vendor.url" value="https://java.oracle.com/"/>
    <property name="user.timezone" value="Asia/Calcutta"/>
    <property name="os.name" value="Windows 11"/>
    <property name="java.vm.specification.version" value="23"/>
    <property name="sun.java.launcher" value="SUN_STANDARD"/>
    <property name="user.country" value="IN"/>
    <property name="sun.boot.library.path" value="C:\Program Files\Java\jdk-23\bin"/>
    <property name="sun.java.command" value="C:\Users\HariRS\AppData\Local\Temp\surefire11474070637299859611\surefirebooter-20250203185102758_3.jar C:\Users\HariRS\AppData\Local\Temp\surefire11474070637299859611 2025-02-03T18-51-02_563-jvmRun1 surefire-20250203185102758_1tmp surefire_0-20250203185102758_2tmp"/>
    <property name="jdk.debug" value="release"/>
    <property name="surefire.test.class.path" value="E:\RestAssured WorkSpace\APIAutomation\target\test-classes;E:\RestAssured WorkSpace\APIAutomation\target\classes;C:\Users\HariRS\.m2\repository\io\rest-assured\rest-assured\5.5.0\rest-assured-5.5.0.jar;C:\Users\HariRS\.m2\repository\org\apache\groovy\groovy\4.0.22\groovy-4.0.22.jar;C:\Users\HariRS\.m2\repository\org\apache\groovy\groovy-xml\4.0.22\groovy-xml-4.0.22.jar;C:\Users\HariRS\.m2\repository\org\apache\httpcomponents\httpclient\4.5.13\httpclient-4.5.13.jar;C:\Users\HariRS\.m2\repository\org\apache\httpcomponents\httpcore\4.4.13\httpcore-4.4.13.jar;C:\Users\HariRS\.m2\repository\commons-logging\commons-logging\1.2\commons-logging-1.2.jar;C:\Users\HariRS\.m2\repository\org\apache\httpcomponents\httpmime\4.5.13\httpmime-4.5.13.jar;C:\Users\HariRS\.m2\repository\org\hamcrest\hamcrest\2.2\hamcrest-2.2.jar;C:\Users\HariRS\.m2\repository\org\ccil\cowan\tagsoup\tagsoup\1.2.1\tagsoup-1.2.1.jar;C:\Users\HariRS\.m2\repository\io\rest-assured\json-path\5.5.0\json-path-5.5.0.jar;C:\Users\HariRS\.m2\repository\org\apache\groovy\groovy-json\4.0.22\groovy-json-4.0.22.jar;C:\Users\HariRS\.m2\repository\io\rest-assured\rest-assured-common\5.5.0\rest-assured-common-5.5.0.jar;C:\Users\HariRS\.m2\repository\io\rest-assured\xml-path\5.5.0\xml-path-5.5.0.jar;C:\Users\HariRS\.m2\repository\org\apache\commons\commons-lang3\3.11\commons-lang3-3.11.jar;C:\Users\HariRS\.m2\repository\io\rest-assured\json-schema-validator\5.5.0\json-schema-validator-5.5.0.jar;C:\Users\HariRS\.m2\repository\com\github\java-json-tools\json-schema-validator\2.2.14\json-schema-validator-2.2.14.jar;C:\Users\HariRS\.m2\repository\com\github\java-json-tools\jackson-coreutils-equivalence\1.0\jackson-coreutils-equivalence-1.0.jar;C:\Users\HariRS\.m2\repository\com\github\java-json-tools\jackson-coreutils\2.0\jackson-coreutils-2.0.jar;C:\Users\HariRS\.m2\repository\com\github\java-json-tools\msg-simple\1.2\msg-simple-1.2.jar;C:\Users\HariRS\.m2\repository\com\github\java-json-tools\btf\1.3\btf-1.3.jar;C:\Users\HariRS\.m2\repository\com\github\java-json-tools\json-schema-core\1.2.14\json-schema-core-1.2.14.jar;C:\Users\HariRS\.m2\repository\com\github\java-json-tools\uri-template\0.10\uri-template-0.10.jar;C:\Users\HariRS\.m2\repository\org\mozilla\rhino\1.7.7.2\rhino-1.7.7.2.jar;C:\Users\HariRS\.m2\repository\com\sun\mail\mailapi\1.6.2\mailapi-1.6.2.jar;C:\Users\HariRS\.m2\repository\joda-time\joda-time\2.10.5\joda-time-2.10.5.jar;C:\Users\HariRS\.m2\repository\com\googlecode\libphonenumber\libphonenumber\8.11.1\libphonenumber-8.11.1.jar;C:\Users\HariRS\.m2\repository\net\sf\jopt-simple\jopt-simple\5.0.4\jopt-simple-5.0.4.jar;C:\Users\HariRS\.m2\repository\com\google\guava\guava\33.2.1-jre\guava-33.2.1-jre.jar;C:\Users\HariRS\.m2\repository\com\google\guava\failureaccess\1.0.2\failureaccess-1.0.2.jar;C:\Users\HariRS\.m2\repository\com\google\guava\listenablefuture\9999.0-empty-to-avoid-conflict-with-guava\listenablefuture-9999.0-empty-to-avoid-conflict-with-guava.jar;C:\Users\HariRS\.m2\repository\org\checkerframework\checker-qual\3.42.0\checker-qual-3.42.0.jar;C:\Users\HariRS\.m2\repository\com\google\errorprone\error_prone_annotations\2.26.1\error_prone_annotations-2.26.1.jar;C:\Users\HariRS\.m2\repository\com\google\j2objc\j2objc-annotations\3.0.0\j2objc-annotations-3.0.0.jar;C:\Users\HariRS\.m2\repository\com\github\scribejava\scribejava-apis\8.3.3\scribejava-apis-8.3.3.jar;C:\Users\HariRS\.m2\repository\com\github\scribejava\scribejava-core\8.3.3\scribejava-core-8.3.3.jar;C:\Users\HariRS\.m2\repository\com\github\scribejava\scribejava-java8\8.3.3\scribejava-java8-8.3.3.jar;C:\Users\HariRS\.m2\repository\org\json\json\20220320\json-20220320.jar;C:\Users\HariRS\.m2\repository\com\aventstack\extentreports\5.1.0\extentreports-5.1.0.jar;C:\Users\HariRS\.m2\repository\io\reactivex\rxjava3\rxjava\3.1.6\rxjava-3.1.6.jar;C:\Users\HariRS\.m2\repository\org\reactivestreams\reactive-streams\1.0.4\reactive-streams-1.0.4.jar;C:\Users\HariRS\.m2\repository\org\freemarker\freemarker\2.3.32\freemarker-2.3.32.jar;C:\Users\HariRS\.m2\repository\org\projectlombok\lombok\1.18.26\lombok-1.18.26.jar;C:\Users\HariRS\.m2\repository\com\google\code\gson\gson\2.10.1\gson-2.10.1.jar;C:\Users\HariRS\.m2\repository\com\github\javafaker\javafaker\1.0.2\javafaker-1.0.2.jar;C:\Users\HariRS\.m2\repository\org\yaml\snakeyaml\1.23\snakeyaml-1.23-android.jar;C:\Users\HariRS\.m2\repository\com\github\mifmif\generex\1.0.2\generex-1.0.2.jar;C:\Users\HariRS\.m2\repository\dk\brics\automaton\automaton\1.11-8\automaton-1.11-8.jar;C:\Users\HariRS\.m2\repository\org\apache\poi\poi\5.3.0\poi-5.3.0.jar;C:\Users\HariRS\.m2\repository\commons-codec\commons-codec\1.17.0\commons-codec-1.17.0.jar;C:\Users\HariRS\.m2\repository\org\apache\commons\commons-collections4\4.4\commons-collections4-4.4.jar;C:\Users\HariRS\.m2\repository\org\apache\commons\commons-math3\3.6.1\commons-math3-3.6.1.jar;C:\Users\HariRS\.m2\repository\commons-io\commons-io\2.16.1\commons-io-2.16.1.jar;C:\Users\HariRS\.m2\repository\com\zaxxer\SparseBitSet\1.3\SparseBitSet-1.3.jar;C:\Users\HariRS\.m2\repository\org\apache\poi\poi-ooxml\5.3.0\poi-ooxml-5.3.0.jar;C:\Users\HariRS\.m2\repository\org\apache\poi\poi-ooxml-lite\5.3.0\poi-ooxml-lite-5.3.0.jar;C:\Users\HariRS\.m2\repository\org\apache\xmlbeans\xmlbeans\5.2.1\xmlbeans-5.2.1.jar;C:\Users\HariRS\.m2\repository\org\apache\commons\commons-compress\1.26.2\commons-compress-1.26.2.jar;C:\Users\HariRS\.m2\repository\com\github\virtuald\curvesapi\1.08\curvesapi-1.08.jar;C:\Users\HariRS\.m2\repository\org\apache\spark\spark-core_2.13\4.0.0-preview2\spark-core_2.13-4.0.0-preview2.jar;C:\Users\HariRS\.m2\repository\org\scala-lang\modules\scala-parallel-collections_2.13\1.0.4\scala-parallel-collections_2.13-1.0.4.jar;C:\Users\HariRS\.m2\repository\org\apache\avro\avro\1.12.0\avro-1.12.0.jar;C:\Users\HariRS\.m2\repository\org\apache\avro\avro-mapred\1.12.0\avro-mapred-1.12.0.jar;C:\Users\HariRS\.m2\repository\org\apache\avro\avro-ipc\1.12.0\avro-ipc-1.12.0.jar;C:\Users\HariRS\.m2\repository\org\tukaani\xz\1.9\xz-1.9.jar;C:\Users\HariRS\.m2\repository\com\twitter\chill_2.13\0.10.0\chill_2.13-0.10.0.jar;C:\Users\HariRS\.m2\repository\com\esotericsoftware\kryo-shaded\4.0.2\kryo-shaded-4.0.2.jar;C:\Users\HariRS\.m2\repository\com\esotericsoftware\minlog\1.3.0\minlog-1.3.0.jar;C:\Users\HariRS\.m2\repository\org\objenesis\objenesis\2.5.1\objenesis-2.5.1.jar;C:\Users\HariRS\.m2\repository\com\twitter\chill-java\0.10.0\chill-java-0.10.0.jar;C:\Users\HariRS\.m2\repository\org\apache\hadoop\hadoop-client-api\3.4.0\hadoop-client-api-3.4.0.jar;C:\Users\HariRS\.m2\repository\org\apache\hadoop\hadoop-client-runtime\3.4.0\hadoop-client-runtime-3.4.0.jar;C:\Users\HariRS\.m2\repository\org\apache\spark\spark-launcher_2.13\4.0.0-preview2\spark-launcher_2.13-4.0.0-preview2.jar;C:\Users\HariRS\.m2\repository\org\apache\spark\spark-kvstore_2.13\4.0.0-preview2\spark-kvstore_2.13-4.0.0-preview2.jar;C:\Users\HariRS\.m2\repository\org\fusesource\leveldbjni\leveldbjni-all\1.8\leveldbjni-all-1.8.jar;C:\Users\HariRS\.m2\repository\org\rocksdb\rocksdbjni\9.5.2\rocksdbjni-9.5.2.jar;C:\Users\HariRS\.m2\repository\org\apache\spark\spark-network-common_2.13\4.0.0-preview2\spark-network-common_2.13-4.0.0-preview2.jar;C:\Users\HariRS\.m2\repository\io\netty\netty-tcnative-boringssl-static\2.0.66.Final\netty-tcnative-boringssl-static-2.0.66.Final-linux-x86_64.jar;C:\Users\HariRS\.m2\repository\io\netty\netty-tcnative-classes\2.0.66.Final\netty-tcnative-classes-2.0.66.Final.jar;C:\Users\HariRS\.m2\repository\io\netty\netty-tcnative-boringssl-static\2.0.66.Final\netty-tcnative-boringssl-static-2.0.66.Final-windows-x86_64.jar;C:\Users\HariRS\.m2\repository\io\netty\netty-tcnative-boringssl-static\2.0.66.Final\netty-tcnative-boringssl-static-2.0.66.Final-linux-aarch_64.jar;C:\Users\HariRS\.m2\repository\io\netty\netty-tcnative-boringssl-static\2.0.66.Final\netty-tcnative-boringssl-static-2.0.66.Final-osx-aarch_64.jar;C:\Users\HariRS\.m2\repository\io\netty\netty-tcnative-boringssl-static\2.0.66.Final\netty-tcnative-boringssl-static-2.0.66.Final-osx-x86_64.jar;C:\Users\HariRS\.m2\repository\com\google\crypto\tink\tink\1.15.0\tink-1.15.0.jar;C:\Users\HariRS\.m2\repository\com\google\protobuf\protobuf-java\3.25.3\protobuf-java-3.25.3.jar;C:\Users\HariRS\.m2\repository\org\apache\spark\spark-network-shuffle_2.13\4.0.0-preview2\spark-network-shuffle_2.13-4.0.0-preview2.jar;C:\Users\HariRS\.m2\repository\org\apache\spark\spark-unsafe_2.13\4.0.0-preview2\spark-unsafe_2.13-4.0.0-preview2.jar;C:\Users\HariRS\.m2\repository\org\apache\spark\spark-variant_2.13\4.0.0-preview2\spark-variant_2.13-4.0.0-preview2.jar;C:\Users\HariRS\.m2\repository\com\ibm\icu\icu4j\75.1\icu4j-75.1.jar;C:\Users\HariRS\.m2\repository\org\apache\spark\spark-common-utils_2.13\4.0.0-preview2\spark-common-utils_2.13-4.0.0-preview2.jar;C:\Users\HariRS\.m2\repository\org\apache\xbean\xbean-asm9-shaded\4.25\xbean-asm9-shaded-4.25.jar;C:\Users\HariRS\.m2\repository\org\apache\ivy\ivy\2.5.2\ivy-2.5.2.jar;C:\Users\HariRS\.m2\repository\oro\oro\2.0.8\oro-2.0.8.jar;C:\Users\HariRS\.m2\repository\org\slf4j\jul-to-slf4j\2.0.16\jul-to-slf4j-2.0.16.jar;C:\Users\HariRS\.m2\repository\org\slf4j\jcl-over-slf4j\2.0.16\jcl-over-slf4j-2.0.16.jar;C:\Users\HariRS\.m2\repository\org\apache\logging\log4j\log4j-slf4j2-impl\2.22.1\log4j-slf4j2-impl-2.22.1.jar;C:\Users\HariRS\.m2\repository\org\apache\logging\log4j\log4j-1.2-api\2.22.1\log4j-1.2-api-2.22.1.jar;C:\Users\HariRS\.m2\repository\org\apache\logging\log4j\log4j-layout-template-json\2.22.1\log4j-layout-template-json-2.22.1.jar;C:\Users\HariRS\.m2\repository\javax\activation\activation\1.1.1\activation-1.1.1.jar;C:\Users\HariRS\.m2\repository\org\apache\curator\curator-recipes\5.7.0\curator-recipes-5.7.0.jar;C:\Users\HariRS\.m2\repository\org\apache\curator\curator-framework\5.7.0\curator-framework-5.7.0.jar;C:\Users\HariRS\.m2\repository\org\apache\curator\curator-client\5.7.0\curator-client-5.7.0.jar;C:\Users\HariRS\.m2\repository\org\apache\zookeeper\zookeeper\3.9.2\zookeeper-3.9.2.jar;C:\Users\HariRS\.m2\repository\org\apache\zookeeper\zookeeper-jute\3.9.2\zookeeper-jute-3.9.2.jar;C:\Users\HariRS\.m2\repository\org\apache\yetus\audience-annotations\0.12.0\audience-annotations-0.12.0.jar;C:\Users\HariRS\.m2\repository\io\jsonwebtoken\jjwt-api\0.12.6\jjwt-api-0.12.6.jar;C:\Users\HariRS\.m2\repository\javax\servlet\javax.servlet-api\4.0.1\javax.servlet-api-4.0.1.jar;C:\Users\HariRS\.m2\repository\jakarta\servlet\jakarta.servlet-api\5.0.0\jakarta.servlet-api-5.0.0.jar;C:\Users\HariRS\.m2\repository\org\apache\commons\commons-text\1.12.0\commons-text-1.12.0.jar;C:\Users\HariRS\.m2\repository\commons-collections\commons-collections\3.2.2\commons-collections-3.2.2.jar;C:\Users\HariRS\.m2\repository\com\google\code\findbugs\jsr305\3.0.0\jsr305-3.0.0.jar;C:\Users\HariRS\.m2\repository\com\ning\compress-lzf\1.1.2\compress-lzf-1.1.2.jar;C:\Users\HariRS\.m2\repository\org\xerial\snappy\snappy-java\1.1.10.7\snappy-java-1.1.10.7.jar;C:\Users\HariRS\.m2\repository\org\lz4\lz4-java\1.8.0\lz4-java-1.8.0.jar;C:\Users\HariRS\.m2\repository\com\github\luben\zstd-jni\1.5.6-5\zstd-jni-1.5.6-5.jar;C:\Users\HariRS\.m2\repository\org\roaringbitmap\RoaringBitmap\1.2.1\RoaringBitmap-1.2.1.jar;C:\Users\HariRS\.m2\repository\org\scala-lang\modules\scala-xml_2.13\2.3.0\scala-xml_2.13-2.3.0.jar;C:\Users\HariRS\.m2\repository\org\scala-lang\scala-library\2.13.14\scala-library-2.13.14.jar;C:\Users\HariRS\.m2\repository\org\scala-lang\scala-reflect\2.13.14\scala-reflect-2.13.14.jar;C:\Users\HariRS\.m2\repository\org\json4s\json4s-jackson_2.13\4.0.7\json4s-jackson_2.13-4.0.7.jar;C:\Users\HariRS\.m2\repository\org\json4s\json4s-core_2.13\4.0.7\json4s-core_2.13-4.0.7.jar;C:\Users\HariRS\.m2\repository\org\json4s\json4s-ast_2.13\4.0.7\json4s-ast_2.13-4.0.7.jar;C:\Users\HariRS\.m2\repository\org\json4s\json4s-scalap_2.13\4.0.7\json4s-scalap_2.13-4.0.7.jar;C:\Users\HariRS\.m2\repository\org\json4s\json4s-jackson-core_2.13\4.0.7\json4s-jackson-core_2.13-4.0.7.jar;C:\Users\HariRS\.m2\repository\org\glassfish\jersey\core\jersey-client\3.0.12\jersey-client-3.0.12.jar;C:\Users\HariRS\.m2\repository\jakarta\ws\rs\jakarta.ws.rs-api\3.0.0\jakarta.ws.rs-api-3.0.0.jar;C:\Users\HariRS\.m2\repository\jakarta\inject\jakarta.inject-api\2.0.1\jakarta.inject-api-2.0.1.jar;C:\Users\HariRS\.m2\repository\org\glassfish\jersey\core\jersey-common\3.0.12\jersey-common-3.0.12.jar;C:\Users\HariRS\.m2\repository\jakarta\annotation\jakarta.annotation-api\2.0.0\jakarta.annotation-api-2.0.0.jar;C:\Users\HariRS\.m2\repository\org\glassfish\hk2\osgi-resource-locator\1.0.3\osgi-resource-locator-1.0.3.jar;C:\Users\HariRS\.m2\repository\org\glassfish\jersey\core\jersey-server\3.0.12\jersey-server-3.0.12.jar;C:\Users\HariRS\.m2\repository\jakarta\validation\jakarta.validation-api\3.0.2\jakarta.validation-api-3.0.2.jar;C:\Users\HariRS\.m2\repository\org\glassfish\jersey\containers\jersey-container-servlet\3.0.12\jersey-container-servlet-3.0.12.jar;C:\Users\HariRS\.m2\repository\org\glassfish\jersey\containers\jersey-container-servlet-core\3.0.12\jersey-container-servlet-core-3.0.12.jar;C:\Users\HariRS\.m2\repository\org\glassfish\jersey\inject\jersey-hk2\3.0.12\jersey-hk2-3.0.12.jar;C:\Users\HariRS\.m2\repository\org\glassfish\hk2\hk2-locator\3.0.3\hk2-locator-3.0.3.jar;C:\Users\HariRS\.m2\repository\org\glassfish\hk2\external\aopalliance-repackaged\3.0.3\aopalliance-repackaged-3.0.3.jar;C:\Users\HariRS\.m2\repository\org\glassfish\hk2\hk2-api\3.0.3\hk2-api-3.0.3.jar;C:\Users\HariRS\.m2\repository\org\glassfish\hk2\hk2-utils\3.0.3\hk2-utils-3.0.3.jar;C:\Users\HariRS\.m2\repository\org\javassist\javassist\3.29.2-GA\javassist-3.29.2-GA.jar;C:\Users\HariRS\.m2\repository\io\netty\netty-all\4.1.110.Final\netty-all-4.1.110.Final.jar;C:\Users\HariRS\.m2\repository\io\netty\netty-buffer\4.1.110.Final\netty-buffer-4.1.110.Final.jar;C:\Users\HariRS\.m2\repository\io\netty\netty-codec\4.1.110.Final\netty-codec-4.1.110.Final.jar;C:\Users\HariRS\.m2\repository\io\netty\netty-codec-http\4.1.110.Final\netty-codec-http-4.1.110.Final.jar;C:\Users\HariRS\.m2\repository\io\netty\netty-codec-http2\4.1.110.Final\netty-codec-http2-4.1.110.Final.jar;C:\Users\HariRS\.m2\repository\io\netty\netty-codec-socks\4.1.110.Final\netty-codec-socks-4.1.110.Final.jar;C:\Users\HariRS\.m2\repository\io\netty\netty-common\4.1.110.Final\netty-common-4.1.110.Final.jar;C:\Users\HariRS\.m2\repository\io\netty\netty-handler\4.1.110.Final\netty-handler-4.1.110.Final.jar;C:\Users\HariRS\.m2\repository\io\netty\netty-transport-native-unix-common\4.1.110.Final\netty-transport-native-unix-common-4.1.110.Final.jar;C:\Users\HariRS\.m2\repository\io\netty\netty-handler-proxy\4.1.110.Final\netty-handler-proxy-4.1.110.Final.jar;C:\Users\HariRS\.m2\repository\io\netty\netty-resolver\4.1.110.Final\netty-resolver-4.1.110.Final.jar;C:\Users\HariRS\.m2\repository\io\netty\netty-transport\4.1.110.Final\netty-transport-4.1.110.Final.jar;C:\Users\HariRS\.m2\repository\io\netty\netty-transport-classes-epoll\4.1.110.Final\netty-transport-classes-epoll-4.1.110.Final.jar;C:\Users\HariRS\.m2\repository\io\netty\netty-transport-classes-kqueue\4.1.110.Final\netty-transport-classes-kqueue-4.1.110.Final.jar;C:\Users\HariRS\.m2\repository\io\netty\netty-transport-native-epoll\4.1.110.Final\netty-transport-native-epoll-4.1.110.Final-linux-riscv64.jar;C:\Users\HariRS\.m2\repository\io\netty\netty-transport-native-epoll\4.1.110.Final\netty-transport-native-epoll-4.1.110.Final-linux-x86_64.jar;C:\Users\HariRS\.m2\repository\io\netty\netty-transport-native-epoll\4.1.110.Final\netty-transport-native-epoll-4.1.110.Final-linux-aarch_64.jar;C:\Users\HariRS\.m2\repository\io\netty\netty-transport-native-kqueue\4.1.110.Final\netty-transport-native-kqueue-4.1.110.Final-osx-aarch_64.jar;C:\Users\HariRS\.m2\repository\io\netty\netty-transport-native-kqueue\4.1.110.Final\netty-transport-native-kqueue-4.1.110.Final-osx-x86_64.jar;C:\Users\HariRS\.m2\repository\com\clearspring\analytics\stream\2.9.8\stream-2.9.8.jar;C:\Users\HariRS\.m2\repository\io\dropwizard\metrics\metrics-core\4.2.27\metrics-core-4.2.27.jar;C:\Users\HariRS\.m2\repository\io\dropwizard\metrics\metrics-jvm\4.2.27\metrics-jvm-4.2.27.jar;C:\Users\HariRS\.m2\repository\io\dropwizard\metrics\metrics-json\4.2.27\metrics-json-4.2.27.jar;C:\Users\HariRS\.m2\repository\io\dropwizard\metrics\metrics-graphite\4.2.27\metrics-graphite-4.2.27.jar;C:\Users\HariRS\.m2\repository\io\dropwizard\metrics\metrics-jmx\4.2.27\metrics-jmx-4.2.27.jar;C:\Users\HariRS\.m2\repository\com\fasterxml\jackson\module\jackson-module-scala_2.13\2.17.2\jackson-module-scala_2.13-2.17.2.jar;C:\Users\HariRS\.m2\repository\com\thoughtworks\paranamer\paranamer\2.8\paranamer-2.8.jar;C:\Users\HariRS\.m2\repository\net\razorvine\pickle\1.5\pickle-1.5.jar;C:\Users\HariRS\.m2\repository\net\sf\py4j\py4j\0.10.9.7\py4j-0.10.9.7.jar;C:\Users\HariRS\.m2\repository\org\apache\spark\spark-tags_2.13\4.0.0-preview2\spark-tags_2.13-4.0.0-preview2.jar;C:\Users\HariRS\.m2\repository\org\apache\commons\commons-crypto\1.1.0\commons-crypto-1.1.0.jar;C:\Users\HariRS\.m2\repository\org\apache\logging\log4j\log4j-api\2.18.0\log4j-api-2.18.0.jar;C:\Users\HariRS\.m2\repository\org\apache\logging\log4j\log4j-core\2.18.0\log4j-core-2.18.0.jar;C:\Users\HariRS\.m2\repository\com\fasterxml\jackson\core\jackson-databind\2.17.3\jackson-databind-2.17.3.jar;C:\Users\HariRS\.m2\repository\com\fasterxml\jackson\core\jackson-annotations\2.17.3\jackson-annotations-2.17.3.jar;C:\Users\HariRS\.m2\repository\com\fasterxml\jackson\core\jackson-core\2.17.3\jackson-core-2.17.3.jar;C:\Users\HariRS\.m2\repository\org\apache\logging\log4j\log4j-slf4j-impl\2.20.0\log4j-slf4j-impl-2.20.0.jar;C:\Users\HariRS\.m2\repository\org\slf4j\slf4j-api\2.0.16\slf4j-api-2.0.16.jar;C:\Users\HariRS\.m2\repository\org\testng\testng\7.10.2\testng-7.10.2.jar;C:\Users\HariRS\.m2\repository\com\beust\jcommander\1.82\jcommander-1.82.jar;C:\Users\HariRS\.m2\repository\org\webjars\jquery\3.7.1\jquery-3.7.1.jar;"/>
    <property name="sun.cpu.endian" value="little"/>
    <property name="user.home" value="C:\Users\HariRS"/>
    <property name="user.language" value="en"/>
    <property name="java.specification.vendor" value="Oracle Corporation"/>
    <property name="java.version.date" value="2024-10-15"/>
    <property name="java.home" value="C:\Program Files\Java\jdk-23"/>
    <property name="file.separator" value="\"/>
    <property name="basedir" value="E:\RestAssured WorkSpace\APIAutomation"/>
    <property name="java.vm.compressedOopsMode" value="Zero based"/>
    <property name="line.separator" value="&#10;"/>
    <property name="java.vm.specification.vendor" value="Oracle Corporation"/>
    <property name="java.specification.name" value="Java Platform API Specification"/>
    <property name="surefire.real.class.path" value="C:\Users\HariRS\AppData\Local\Temp\surefire11474070637299859611\surefirebooter-20250203185102758_3.jar"/>
    <property name="user.script" value=""/>
    <property name="sun.management.compiler" value="HotSpot 64-Bit Tiered Compilers"/>
    <property name="java.runtime.version" value="23.0.1+11-39"/>
    <property name="user.name" value="HariRS"/>
    <property name="stdout.encoding" value="Cp1252"/>
    <property name="path.separator" value=";"/>
    <property name="os.version" value="10.0"/>
    <property name="java.runtime.name" value="Java(TM) SE Runtime Environment"/>
    <property name="file.encoding" value="UTF-8"/>
    <property name="java.vm.name" value="Java HotSpot(TM) 64-Bit Server VM"/>
    <property name="localRepository" value="C:\Users\HariRS\.m2\repository"/>
    <property name="java.vendor.url.bug" value="https://bugreport.java.com/bugreport/"/>
    <property name="java.io.tmpdir" value="C:\Users\HariRS\AppData\Local\Temp\"/>
    <property name="java.version" value="23.0.1"/>
    <property name="user.dir" value="E:\RestAssured WorkSpace\APIAutomation"/>
    <property name="os.arch" value="amd64"/>
    <property name="java.vm.specification.name" value="Java Virtual Machine Specification"/>
    <property name="sun.os.patch.level" value=""/>
    <property name="native.encoding" value="Cp1252"/>
    <property name="java.library.path" value="C:\Program Files\Java\jdk-23\bin;C:\WINDOWS\Sun\Java\bin;C:\WINDOWS\system32;C:\WINDOWS;C:\Program Files\Common Files\Oracle\Java\javapath;C:\WINDOWS\system32;C:\WINDOWS;C:\WINDOWS\System32\Wbem;C:\WINDOWS\System32\WindowsPowerShell\v1.0\;C:\WINDOWS\System32\OpenSSH\;C:\Program Files\dotnet\;C:\Program Files\LibreOffice\program;D:\PDF Convertor\SampleDocs\SampleDocs\PDF_Converter;C:\Program Files\nodejs\;E:\apache-maven-3.9.9\bin;C:\Users\HariRS\AppData\Local\Microsoft\WindowsApps;C:\Users\HariRS\AppData\Roaming\npm;C:\Users\HariRS\AppData\Local\Programs\Microsoft VS Code\bin;;."/>
    <property name="java.vm.info" value="mixed mode, sharing"/>
    <property name="stderr.encoding" value="Cp1252"/>
    <property name="java.vendor" value="Oracle Corporation"/>
    <property name="java.vm.version" value="23.0.1+11-39"/>
    <property name="sun.io.unicode.encoding" value="UnicodeLittle"/>
    <property name="java.class.version" value="67.0"/>
  </properties>
  <testcase name="testPostUser" classname="api.test.UserTests" time="5.011">
    <system-out><![CDATA[HTTP/1.1 200 OK
Date: Mon, 03 Feb 2025 13:21:09 GMT
Content-Type: application/json
Transfer-Encoding: chunked
Connection: keep-alive
Access-Control-Allow-Origin: *
Access-Control-Allow-Methods: GET, POST, DELETE, PUT
Access-Control-Allow-Headers: Content-Type, api_key, Authorization
Server: Jetty(9.2.9.v20150224)

{
    "code": 200,
    "type": "unknown",
    "message": "936628786"
}
]]></system-out>
  </testcase>
  <testcase name="testGetUserByName" classname="api.test.UserTests" time="1.481">
    <system-out><![CDATA[HTTP/1.1 200 OK
Date: Mon, 03 Feb 2025 13:21:10 GMT
Content-Type: application/json
Transfer-Encoding: chunked
Connection: keep-alive
Access-Control-Allow-Origin: *
Access-Control-Allow-Methods: GET, POST, DELETE, PUT
Access-Control-Allow-Headers: Content-Type, api_key, Authorization
Server: Jetty(9.2.9.v20150224)

{
    "id": 936628786,
    "username": "kendrick.oberbrunner",
    "firstName": "Barrett",
    "lastName": "Nolan",
    "email": "don.bins@gmail.com",
    "password": "8hnnozsip2quc0",
    "phone": "1-578-692-3697",
    "userStatus": 0
}
]]></system-out>
  </testcase>
  <testcase name="testupdateUserByName" classname="api.test.UserTests" time="2.916">
    <system-out><![CDATA[{
    "code": 200,
    "type": "unknown",
    "message": "936628786"
}
HTTP/1.1 200 OK
Date: Mon, 03 Feb 2025 13:21:13 GMT
Content-Type: application/json
Transfer-Encoding: chunked
Connection: keep-alive
Access-Control-Allow-Origin: *
Access-Control-Allow-Methods: GET, POST, DELETE, PUT
Access-Control-Allow-Headers: Content-Type, api_key, Authorization
Server: Jetty(9.2.9.v20150224)

{
    "id": 936628786,
    "username": "kendrick.oberbrunner",
    "firstName": "Shauna",
    "lastName": "Shanahan",
    "email": "aurea.skiles@hotmail.com",
    "password": "8hnnozsip2quc0",
    "phone": "1-578-692-3697",
    "userStatus": 0
}
]]></system-out>
  </testcase>
  <testcase name="testDeleteUserByName" classname="api.test.UserTests" time="1.412"/>
</testsuite>