<?xml version="1.0" encoding="UTF-8"?>
<!-- Generated by org.testng.reporters.JUnitReportReporter -->
<testsuite hostname="MAC-AZR-176" failures="0" tests="6" name="api.test.DDtest" time="12.767" errors="0" timestamp="2025-01-31T10:25:21 IST" skipped="0">
  <testcase classname="api.test.DDtest" name="testPostUser" time="1.372"/>
  <system-out/>
  <testcase classname="api.test.DDtest" name="testPostUser" time="1.438"/>
  <system-out/>
  <testcase classname="api.test.DDtest" name="testPostUser" time="1.436"/>
  <system-out/>
  <testcase classname="api.test.DDtest" name="testDeleteUserByName" time="2.817"/>
  <system-out/>
  <testcase classname="api.test.DDtest" name="testDeleteUserByName" time="2.859"/>
  <system-out/>
  <testcase classname="api.test.DDtest" name="testDeleteUserByName" time="2.845"/>
  <system-out/>
</testsuite> <!-- api.test.DDtest -->
