<?xml version="1.0" encoding="UTF-8"?>
<!-- Generated by org.testng.reporters.JUnitReportReporter -->
<testsuite hostname="MAC-AZR-176" failures="0" tests="1" name="APIRequest.PathAndQueryParameters" time="3.034" errors="0" timestamp="2025-01-13T10:34:51 IST" skipped="0">
  <testcase classname="APIRequest.PathAndQueryParameters" name="testPathAndQueryParameters" time="3.034"/>
  <system-out/>
</testsuite> <!-- APIRequest.PathAndQueryParameters -->
