<?xml version="1.0" encoding="UTF-8"?>
<!-- Generated by org.testng.reporters.JUnitReportReporter -->
<testsuite hostname="MAC-AZR-176" failures="0" tests="4" name="api.test.UserTests" time="9.974" errors="0" timestamp="2025-02-03T18:15:54 IST" skipped="0">
  <testcase classname="api.test.UserTests" name="testPostUser" time="4.621"/>
  <system-out/>
  <testcase classname="api.test.UserTests" name="testGetUserByName" time="1.380"/>
  <system-out/>
  <testcase classname="api.test.UserTests" name="testupdateUserByName" time="2.634"/>
  <system-out/>
  <testcase classname="api.test.UserTests" name="testDeleteUserByName" time="1.339"/>
  <system-out/>
</testsuite> <!-- api.test.UserTests -->
