<?xml version="1.0" encoding="UTF-8"?>
<!-- Generated by org.testng.reporters.JUnitReportReporter -->
<testsuite hostname="MAC-AZR-171" failures="0" tests="3" name="api.test.StoreTest" time="7.146" errors="0" timestamp="2025-02-12T11:04:19 IST" skipped="0">
  <testcase classname="api.test.StoreTest" name="storePostOder" time="4.537"/>
  <system-out/>
  <testcase classname="api.test.StoreTest" name="storeGetByOderId" time="1.319"/>
  <system-out/>
  <testcase classname="api.test.StoreTest" name="storeDeleteUserByName" time="1.290"/>
  <system-out/>
</testsuite> <!-- api.test.StoreTest -->
