<?xml version="1.0" encoding="UTF-8"?>
<!-- Generated by org.testng.reporters.JUnitReportReporter -->
<testsuite hostname="MAC-AZR-171" failures="0" tests="4" name="api.test.PetTests" time="10.054" errors="0" timestamp="2025-02-11T10:45:33 IST" skipped="0">
  <testcase classname="api.test.PetTests" name="testPostUser" time="4.997"/>
  <system-out/>
  <testcase classname="api.test.PetTests" name="testGetUserByName" time="1.338"/>
  <system-out/>
  <testcase classname="api.test.PetTests" name="testupdateUserByName" time="2.532"/>
  <system-out/>
  <testcase classname="api.test.PetTests" name="testDeleteUserByName" time="1.187"/>
  <system-out/>
</testsuite> <!-- api.test.PetTests -->
