<?xml version="1.0" encoding="UTF-8"?>
<!-- Generated by org.testng.reporters.JUnitReportReporter -->
<testsuite hostname="MAC-AZR-176" failures="0" tests="1" name="APIRequest.ParsingJsonResponseData" time="1.398" errors="0" timestamp="2025-01-15T17:34:43 IST" skipped="0">
  <testcase classname="APIRequest.ParsingJsonResponseData" name="testJsonResponse" time="1.398"/>
  <system-out/>
</testsuite> <!-- APIRequest.ParsingJsonResponseData -->
