<?xml version="1.0" encoding="UTF-8"?>
<!-- Generated by org.testng.reporters.JUnitReportReporter -->
<testsuite hostname="MAC-AZR-176" failures="0" tests="1" name="APIRequest.PostRequestWays" time="1.444" errors="0" timestamp="2025-01-09T18:59:46 IST" skipped="0">
  <testcase classname="APIRequest.PostRequestWays" name="PostUsingExternalFile" time="1.444"/>
  <system-out/>
</testsuite> <!-- APIRequest.PostRequestWays -->
