<?xml version="1.0" encoding="UTF-8"?>
<!-- Generated by org.testng.reporters.JUnitReportReporter -->
<testsuite hostname="MAC-AZR-176" failures="0" tests="1" name="APIRequest.Cookies" time="2.712" errors="0" timestamp="2025-01-13T11:10:14 IST" skipped="0">
  <testcase classname="APIRequest.Cookies" name="getHeaderInfo" time="2.712"/>
  <system-out/>
</testsuite> <!-- APIRequest.Cookies -->
