<?xml version="1.0" encoding="UTF-8"?>
<!-- Generated by org.testng.reporters.JUnitReportReporter -->
<testsuite hostname="MAC-AZR-176" failures="0" tests="4" name="api.test.PetTests" time="9.407" errors="0" timestamp="2025-02-06T16:50:48 IST" skipped="0">
  <testcase classname="api.test.PetTests" name="testPostUser" time="4.093"/>
  <system-out/>
  <testcase classname="api.test.PetTests" name="testGetUserByName" time="1.350"/>
  <system-out/>
  <testcase classname="api.test.PetTests" name="testupdateUserByName" time="2.644"/>
  <system-out/>
  <testcase classname="api.test.PetTests" name="testDeleteUserByName" time="1.320"/>
  <system-out/>
</testsuite> <!-- api.test.PetTests -->
