<?xml version="1.0" encoding="UTF-8"?>
<!-- Generated by org.testng.reporters.JUnitReportReporter -->
<testsuite hostname="MAC-AZR-176" failures="0" tests="4" name="api.test.UserTests" time="10.297" errors="0" timestamp="2025-02-05T15:42:44 IST" skipped="0">
  <testcase classname="api.test.UserTests" name="testPostUser" time="4.807"/>
  <system-out/>
  <testcase classname="api.test.UserTests" name="testGetUserByName" time="1.401"/>
  <system-out/>
  <testcase classname="api.test.UserTests" name="testupdateUserByName" time="2.752"/>
  <system-out/>
  <testcase classname="api.test.UserTests" name="testDeleteUserByName" time="1.337"/>
  <system-out/>
</testsuite> <!-- api.test.UserTests -->
