<?xml version="1.0" encoding="UTF-8"?>
<!-- Generated by org.testng.reporters.JUnitReportReporter -->
<testsuite hostname="MAC-AZR-176" failures="0" tests="4" name="api.test.UserTests" time="10.812" errors="0" timestamp="2025-02-03T18:51:16 IST" skipped="0">
  <testcase classname="api.test.UserTests" name="testPostUser" time="4.994"/>
  <testcase classname="api.test.UserTests" name="testGetUserByName" time="1.492"/>
  <testcase classname="api.test.UserTests" name="testupdateUserByName" time="2.916"/>
  <testcase classname="api.test.UserTests" name="testDeleteUserByName" time="1.410"/>
</testsuite> <!-- api.test.UserTests -->
